2017-09-14 13:56:04,979 INFO[com.py.springboot.SpringbootApplication:48] - Starting SpringbootApplication on pysasuke-PC with PID 4316 (E:\my_project\springboot\target\classes started by pysasuke in E:\my_project\springboot)
2017-09-14 13:56:04,981 INFO[com.py.springboot.SpringbootApplication:593] - No active profile set, falling back to default profiles: default
2017-09-14 13:56:05,233 INFO[org.springframework.boot.context.embedded.AnnotationConfigEmbeddedWebApplicationContext:583] - Refreshing org.springframework.boot.context.embedded.AnnotationConfigEmbeddedWebApplicationContext@6ec8211c: startup date [Thu Sep 14 13:56:05 CST 2017]; root of context hierarchy
2017-09-14 13:56:05,289 INFO[org.hibernate.validator.internal.util.Version:30] - HV000001: Hibernate Validator 5.3.5.Final
2017-09-14 13:56:06,466 INFO[org.springframework.context.support.PostProcessorRegistrationDelegate$BeanPostProcessorChecker:325] - Bean 'org.springframework.transaction.annotation.ProxyTransactionManagementConfiguration' of type [org.springframework.transaction.annotation.ProxyTransactionManagementConfiguration$$EnhancerBySpringCGLIB$$d802659e] is not eligible for getting processed by all BeanPostProcessors (for example: not eligible for auto-proxying)
2017-09-14 13:56:06,813 INFO[org.springframework.boot.context.embedded.tomcat.TomcatEmbeddedServletContainer:89] - Tomcat initialized with port(s): 8080 (http)
2017-09-14 13:56:06,919 INFO[org.springframework.web.context.ContextLoader:276] - Root WebApplicationContext: initialization completed in 1689 ms
2017-09-14 13:56:07,041 INFO[org.springframework.boot.web.servlet.ServletRegistrationBean:190] - Mapping servlet: 'dispatcherServlet' to [/]
2017-09-14 13:56:07,046 INFO[org.springframework.boot.web.servlet.FilterRegistrationBean:258] - Mapping filter: 'characterEncodingFilter' to: [/*]
2017-09-14 13:56:07,047 INFO[org.springframework.boot.web.servlet.FilterRegistrationBean:258] - Mapping filter: 'hiddenHttpMethodFilter' to: [/*]
2017-09-14 13:56:07,047 INFO[org.springframework.boot.web.servlet.FilterRegistrationBean:258] - Mapping filter: 'httpPutFormContentFilter' to: [/*]
2017-09-14 13:56:07,047 INFO[org.springframework.boot.web.servlet.FilterRegistrationBean:258] - Mapping filter: 'requestContextFilter' to: [/*]
2017-09-14 13:56:07,804 INFO[org.springframework.web.servlet.mvc.method.annotation.RequestMappingHandlerMapping:543] - Mapped "{[/],methods=[GET]}" onto public java.lang.String com.py.springboot.web.HelloController.index(org.springframework.ui.ModelMap)
2017-09-14 13:56:07,805 INFO[org.springframework.web.servlet.mvc.method.annotation.RequestMappingHandlerMapping:543] - Mapped "{[/freemarker_test],methods=[GET]}" onto public java.lang.String com.py.springboot.web.HelloController.freemarker_test(org.springframework.ui.ModelMap)
2017-09-14 13:56:07,806 INFO[org.springframework.web.servlet.mvc.method.annotation.RequestMappingHandlerMapping:543] - Mapped "{[/thymeleaf_test],methods=[GET]}" onto public java.lang.String com.py.springboot.web.HelloController.thymeleaf_test(org.springframework.ui.ModelMap)
2017-09-14 13:56:07,810 INFO[org.springframework.web.servlet.mvc.method.annotation.RequestMappingHandlerMapping:543] - Mapped "{[/user/v1/addUser],methods=[POST]}" onto public com.py.springboot.base.BaseResult com.py.springboot.web.UserController.addUser(com.py.springboot.entity.User)
2017-09-14 13:56:07,811 INFO[org.springframework.web.servlet.mvc.method.annotation.RequestMappingHandlerMapping:543] - Mapped "{[/user/v1/getById],methods=[GET]}" onto public com.py.springboot.base.BaseResult com.py.springboot.web.UserController.getById(java.lang.Long)
2017-09-14 13:56:07,811 INFO[org.springframework.web.servlet.mvc.method.annotation.RequestMappingHandlerMapping:543] - Mapped "{[/user/v1/updateById],methods=[PUT]}" onto public com.py.springboot.base.BaseResult com.py.springboot.web.UserController.updateById(com.py.springboot.entity.User)
2017-09-14 13:56:07,812 INFO[org.springframework.web.servlet.mvc.method.annotation.RequestMappingHandlerMapping:543] - Mapped "{[/user/v1/deleteById],methods=[DELETE]}" onto public com.py.springboot.base.BaseResult com.py.springboot.web.UserController.deleteById(java.lang.Long)
2017-09-14 13:56:07,812 INFO[org.springframework.web.servlet.mvc.method.annotation.RequestMappingHandlerMapping:543] - Mapped "{[/v2/api-docs],methods=[GET]}" onto public org.springframework.http.ResponseEntity<springfox.documentation.spring.web.json.Json> springfox.documentation.swagger2.web.Swagger2Controller.getDocumentation(java.lang.String)
2017-09-14 13:56:07,815 INFO[org.springframework.web.servlet.mvc.method.annotation.RequestMappingHandlerMapping:543] - Mapped "{[/swagger-resources]}" onto org.springframework.http.ResponseEntity<java.util.List<springfox.documentation.swagger.web.SwaggerResource>> springfox.documentation.swagger.web.ApiResourceController.swaggerResources()
2017-09-14 13:56:07,815 INFO[org.springframework.web.servlet.mvc.method.annotation.RequestMappingHandlerMapping:543] - Mapped "{[/configuration/ui]}" onto org.springframework.http.ResponseEntity<springfox.documentation.swagger.web.UiConfiguration> springfox.documentation.swagger.web.ApiResourceController.uiConfiguration()
2017-09-14 13:56:07,816 INFO[org.springframework.web.servlet.mvc.method.annotation.RequestMappingHandlerMapping:543] - Mapped "{[/configuration/security]}" onto org.springframework.http.ResponseEntity<springfox.documentation.swagger.web.SecurityConfiguration> springfox.documentation.swagger.web.ApiResourceController.securityConfiguration()
2017-09-14 13:56:07,820 INFO[org.springframework.web.servlet.mvc.method.annotation.RequestMappingHandlerMapping:543] - Mapped "{[/error]}" onto public org.springframework.http.ResponseEntity<java.util.Map<java.lang.String, java.lang.Object>> org.springframework.boot.autoconfigure.web.BasicErrorController.error(javax.servlet.http.HttpServletRequest)
2017-09-14 13:56:07,821 INFO[org.springframework.web.servlet.mvc.method.annotation.RequestMappingHandlerMapping:543] - Mapped "{[/error],produces=[text/html]}" onto public org.springframework.web.servlet.ModelAndView org.springframework.boot.autoconfigure.web.BasicErrorController.errorHtml(javax.servlet.http.HttpServletRequest,javax.servlet.http.HttpServletResponse)
2017-09-14 13:56:08,211 INFO[org.springframework.web.servlet.mvc.method.annotation.RequestMappingHandlerAdapter:534] - Looking for @ControllerAdvice: org.springframework.boot.context.embedded.AnnotationConfigEmbeddedWebApplicationContext@6ec8211c: startup date [Thu Sep 14 13:56:05 CST 2017]; root of context hierarchy
2017-09-14 13:56:08,438 INFO[org.springframework.web.servlet.handler.SimpleUrlHandlerMapping:362] - Mapped URL path [/webjars/**] onto handler of type [class org.springframework.web.servlet.resource.ResourceHttpRequestHandler]
2017-09-14 13:56:08,439 INFO[org.springframework.web.servlet.handler.SimpleUrlHandlerMapping:362] - Mapped URL path [/**] onto handler of type [class org.springframework.web.servlet.resource.ResourceHttpRequestHandler]
2017-09-14 13:56:08,476 INFO[org.springframework.web.servlet.handler.SimpleUrlHandlerMapping:362] - Mapped URL path [/**/favicon.ico] onto handler of type [class org.springframework.web.servlet.resource.ResourceHttpRequestHandler]
2017-09-14 13:56:08,848 INFO[org.springframework.web.servlet.view.freemarker.FreeMarkerConfigurer:127] - ClassTemplateLoader for Spring macros added to FreeMarker configuration
2017-09-14 13:56:09,030 INFO[org.springframework.jmx.export.annotation.AnnotationMBeanExporter:431] - Registering beans for JMX exposure on startup
2017-09-14 13:56:09,044 INFO[springfox.documentation.spring.web.plugins.DocumentationPluginsBootstrapper:80] - Context refreshed
2017-09-14 13:56:09,058 INFO[springfox.documentation.spring.web.plugins.DocumentationPluginsBootstrapper:83] - Found {0} custom documentation plugin(s)
2017-09-14 13:56:09,064 INFO[springfox.documentation.spring.web.scanners.ApiListingReferenceScanner:53] - Scanning for api listing references
2017-09-14 13:56:09,067 INFO[springfox.documentation.swagger.web.ClassOrApiAnnotationResourceGrouping:100] - Group for method addUser was user-controller
2017-09-14 13:56:09,068 INFO[springfox.documentation.spring.web.scanners.ApiListingReferenceScanner:72] - Request mapping: addUser belongs to groups: [[ResourceGroup{groupName='user-controller', position=0, controller=com.py.springboot.web.UserController}]] 
2017-09-14 13:56:09,069 INFO[springfox.documentation.swagger.web.ClassOrApiAnnotationResourceGrouping:100] - Group for method deleteById was user-controller
2017-09-14 13:56:09,070 INFO[springfox.documentation.spring.web.scanners.ApiListingReferenceScanner:72] - Request mapping: deleteById belongs to groups: [[ResourceGroup{groupName='user-controller', position=0, controller=com.py.springboot.web.UserController}]] 
2017-09-14 13:56:09,071 INFO[springfox.documentation.swagger.web.ClassOrApiAnnotationResourceGrouping:100] - Group for method getById was user-controller
2017-09-14 13:56:09,071 INFO[springfox.documentation.spring.web.scanners.ApiListingReferenceScanner:72] - Request mapping: getById belongs to groups: [[ResourceGroup{groupName='user-controller', position=0, controller=com.py.springboot.web.UserController}]] 
2017-09-14 13:56:09,072 INFO[springfox.documentation.swagger.web.ClassOrApiAnnotationResourceGrouping:100] - Group for method updateById was user-controller
2017-09-14 13:56:09,072 INFO[springfox.documentation.spring.web.scanners.ApiListingReferenceScanner:72] - Request mapping: updateById belongs to groups: [[ResourceGroup{groupName='user-controller', position=0, controller=com.py.springboot.web.UserController}]] 
2017-09-14 13:56:09,076 INFO[springfox.documentation.spring.web.scanners.ApiListingReferenceScanner:84] - Created resource listing Path: /default/user-controller Description: user-controller Position: 0
2017-09-14 13:56:09,092 INFO[springfox.documentation.schema.ModelContextKeyGenerator:46] - Cache Key Generated: com.py.springboot.entity.User(false)
2017-09-14 13:56:09,093 INFO[springfox.documentation.spring.web.caching.CachingAspect:79] - Caching aspect applied for cache models with key com.py.springboot.entity.User(false)
2017-09-14 13:56:09,099 INFO[springfox.documentation.schema.property.ModelPropertiesKeyGenerator:48] - Cache key generated: com.py.springboot.entity.User(false)
2017-09-14 13:56:09,099 INFO[springfox.documentation.spring.web.caching.CachingAspect:68] - Caching aspect applied for cache modelProperties with key com.py.springboot.entity.User(false)
2017-09-14 13:56:09,124 INFO[springfox.documentation.schema.ModelContextKeyGenerator:46] - Cache Key Generated: com.py.springboot.entity.User(false)
2017-09-14 13:56:09,124 INFO[springfox.documentation.spring.web.caching.CachingAspect:79] - Caching aspect applied for cache modelDependencies with key com.py.springboot.entity.User(false)
2017-09-14 13:56:09,127 INFO[springfox.documentation.schema.property.ModelPropertiesKeyGenerator:48] - Cache key generated: com.py.springboot.entity.User(false)
2017-09-14 13:56:09,127 INFO[springfox.documentation.spring.web.caching.CachingAspect:68] - Caching aspect applied for cache modelProperties with key com.py.springboot.entity.User(false)
2017-09-14 13:56:09,129 INFO[springfox.documentation.schema.ModelContextKeyGenerator:46] - Cache Key Generated: com.py.springboot.base.BaseResult(true)
2017-09-14 13:56:09,129 INFO[springfox.documentation.spring.web.caching.CachingAspect:79] - Caching aspect applied for cache models with key com.py.springboot.base.BaseResult(true)
2017-09-14 13:56:09,130 INFO[springfox.documentation.schema.property.ModelPropertiesKeyGenerator:48] - Cache key generated: com.py.springboot.base.BaseResult(true)
2017-09-14 13:56:09,130 INFO[springfox.documentation.spring.web.caching.CachingAspect:68] - Caching aspect applied for cache modelProperties with key com.py.springboot.base.BaseResult(true)
2017-09-14 13:56:09,131 INFO[springfox.documentation.schema.ModelContextKeyGenerator:46] - Cache Key Generated: com.py.springboot.base.BaseResult(true)
2017-09-14 13:56:09,132 INFO[springfox.documentation.spring.web.caching.CachingAspect:79] - Caching aspect applied for cache modelDependencies with key com.py.springboot.base.BaseResult(true)
2017-09-14 13:56:09,132 INFO[springfox.documentation.schema.property.ModelPropertiesKeyGenerator:48] - Cache key generated: com.py.springboot.base.BaseResult(true)
2017-09-14 13:56:09,132 INFO[springfox.documentation.spring.web.caching.CachingAspect:68] - Caching aspect applied for cache modelProperties with key com.py.springboot.base.BaseResult(true)
2017-09-14 13:56:09,133 INFO[springfox.documentation.spring.web.OperationsKeyGenerator:51] - Cache key generated: /user/v1/addUser.com.py.springboot.web.UserController.addUser.DefaultGenericTypeNamingStrategy
2017-09-14 13:56:09,133 INFO[springfox.documentation.spring.web.caching.CachingAspect:68] - Caching aspect applied for cache operations with key /user/v1/addUser.com.py.springboot.web.UserController.addUser.DefaultGenericTypeNamingStrategy
2017-09-14 13:56:09,145 INFO[springfox.documentation.swagger.web.ClassOrApiAnnotationResourceGrouping:100] - Group for method addUser was user-controller
2017-09-14 13:56:09,155 INFO[springfox.documentation.swagger.web.ClassOrApiAnnotationResourceGrouping:100] - Group for method addUser was user-controller
2017-09-14 13:56:09,162 INFO[springfox.documentation.schema.ModelContextKeyGenerator:46] - Cache Key Generated: com.py.springboot.base.BaseResult(true)
2017-09-14 13:56:09,163 INFO[springfox.documentation.spring.web.caching.CachingAspect:79] - Caching aspect applied for cache models with key com.py.springboot.base.BaseResult(true)
2017-09-14 13:56:09,163 INFO[springfox.documentation.schema.ModelContextKeyGenerator:46] - Cache Key Generated: com.py.springboot.base.BaseResult(true)
2017-09-14 13:56:09,163 INFO[springfox.documentation.spring.web.caching.CachingAspect:79] - Caching aspect applied for cache modelDependencies with key com.py.springboot.base.BaseResult(true)
2017-09-14 13:56:09,164 INFO[springfox.documentation.spring.web.OperationsKeyGenerator:51] - Cache key generated: /user/v1/deleteById.com.py.springboot.web.UserController.deleteById.DefaultGenericTypeNamingStrategy
2017-09-14 13:56:09,164 INFO[springfox.documentation.spring.web.caching.CachingAspect:68] - Caching aspect applied for cache operations with key /user/v1/deleteById.com.py.springboot.web.UserController.deleteById.DefaultGenericTypeNamingStrategy
2017-09-14 13:56:09,166 INFO[springfox.documentation.swagger.web.ClassOrApiAnnotationResourceGrouping:100] - Group for method deleteById was user-controller
2017-09-14 13:56:09,167 INFO[springfox.documentation.swagger.web.ClassOrApiAnnotationResourceGrouping:100] - Group for method deleteById was user-controller
2017-09-14 13:56:09,168 INFO[springfox.documentation.schema.ModelContextKeyGenerator:46] - Cache Key Generated: com.py.springboot.base.BaseResult(true)
2017-09-14 13:56:09,168 INFO[springfox.documentation.spring.web.caching.CachingAspect:79] - Caching aspect applied for cache models with key com.py.springboot.base.BaseResult(true)
2017-09-14 13:56:09,169 INFO[springfox.documentation.schema.ModelContextKeyGenerator:46] - Cache Key Generated: com.py.springboot.base.BaseResult(true)
2017-09-14 13:56:09,169 INFO[springfox.documentation.spring.web.caching.CachingAspect:79] - Caching aspect applied for cache modelDependencies with key com.py.springboot.base.BaseResult(true)
2017-09-14 13:56:09,169 INFO[springfox.documentation.spring.web.OperationsKeyGenerator:51] - Cache key generated: /user/v1/getById.com.py.springboot.web.UserController.getById.DefaultGenericTypeNamingStrategy
2017-09-14 13:56:09,169 INFO[springfox.documentation.spring.web.caching.CachingAspect:68] - Caching aspect applied for cache operations with key /user/v1/getById.com.py.springboot.web.UserController.getById.DefaultGenericTypeNamingStrategy
2017-09-14 13:56:09,171 INFO[springfox.documentation.swagger.web.ClassOrApiAnnotationResourceGrouping:100] - Group for method getById was user-controller
2017-09-14 13:56:09,172 INFO[springfox.documentation.swagger.web.ClassOrApiAnnotationResourceGrouping:100] - Group for method getById was user-controller
2017-09-14 13:56:09,174 INFO[springfox.documentation.schema.ModelContextKeyGenerator:46] - Cache Key Generated: com.py.springboot.entity.User(false)
2017-09-14 13:56:09,174 INFO[springfox.documentation.spring.web.caching.CachingAspect:79] - Caching aspect applied for cache models with key com.py.springboot.entity.User(false)
2017-09-14 13:56:09,174 INFO[springfox.documentation.schema.ModelContextKeyGenerator:46] - Cache Key Generated: com.py.springboot.entity.User(false)
2017-09-14 13:56:09,174 INFO[springfox.documentation.spring.web.caching.CachingAspect:79] - Caching aspect applied for cache modelDependencies with key com.py.springboot.entity.User(false)
2017-09-14 13:56:09,175 INFO[springfox.documentation.schema.ModelContextKeyGenerator:46] - Cache Key Generated: com.py.springboot.base.BaseResult(true)
2017-09-14 13:56:09,175 INFO[springfox.documentation.spring.web.caching.CachingAspect:79] - Caching aspect applied for cache models with key com.py.springboot.base.BaseResult(true)
2017-09-14 13:56:09,175 INFO[springfox.documentation.schema.ModelContextKeyGenerator:46] - Cache Key Generated: com.py.springboot.base.BaseResult(true)
2017-09-14 13:56:09,175 INFO[springfox.documentation.spring.web.caching.CachingAspect:79] - Caching aspect applied for cache modelDependencies with key com.py.springboot.base.BaseResult(true)
2017-09-14 13:56:09,176 INFO[springfox.documentation.spring.web.OperationsKeyGenerator:51] - Cache key generated: /user/v1/updateById.com.py.springboot.web.UserController.updateById.DefaultGenericTypeNamingStrategy
2017-09-14 13:56:09,176 INFO[springfox.documentation.spring.web.caching.CachingAspect:68] - Caching aspect applied for cache operations with key /user/v1/updateById.com.py.springboot.web.UserController.updateById.DefaultGenericTypeNamingStrategy
2017-09-14 13:56:09,177 INFO[springfox.documentation.swagger.web.ClassOrApiAnnotationResourceGrouping:100] - Group for method updateById was user-controller
2017-09-14 13:56:09,178 INFO[springfox.documentation.swagger.web.ClassOrApiAnnotationResourceGrouping:100] - Group for method updateById was user-controller
2017-09-14 13:56:09,229 INFO[org.springframework.boot.context.embedded.tomcat.TomcatEmbeddedServletContainer:201] - Tomcat started on port(s): 8080 (http)
2017-09-14 13:56:09,234 INFO[com.py.springboot.SpringbootApplication:57] - Started SpringbootApplication in 4.716 seconds (JVM running for 5.951)
2017-09-14 13:56:20,614 INFO[org.springframework.web.servlet.DispatcherServlet:489] - FrameworkServlet 'dispatcherServlet': initialization started
2017-09-14 13:56:20,630 INFO[org.springframework.web.servlet.DispatcherServlet:508] - FrameworkServlet 'dispatcherServlet': initialization completed in 16 ms
2017-09-14 13:56:37,170 INFO[org.springframework.beans.factory.xml.XmlBeanDefinitionReader:317] - Loading XML bean definitions from class path resource [org/springframework/jdbc/support/sql-error-codes.xml]
2017-09-14 13:56:37,224 INFO[org.springframework.jdbc.support.SQLErrorCodesFactory:127] - SQLErrorCodes loaded: [DB2, Derby, H2, HSQL, Informix, MS-SQL, MySQL, Oracle, PostgreSQL, Sybase, Hana]
2017-09-14 14:00:48,214 INFO[com.py.springboot.SpringbootApplication:48] - Starting SpringbootApplication on pysasuke-PC with PID 6828 (E:\my_project\springboot\target\classes started by pysasuke in E:\my_project\springboot)
2017-09-14 14:00:48,216 INFO[com.py.springboot.SpringbootApplication:593] - No active profile set, falling back to default profiles: default
2017-09-14 14:00:48,487 INFO[org.springframework.boot.context.embedded.AnnotationConfigEmbeddedWebApplicationContext:583] - Refreshing org.springframework.boot.context.embedded.AnnotationConfigEmbeddedWebApplicationContext@6ec8211c: startup date [Thu Sep 14 14:00:48 CST 2017]; root of context hierarchy
2017-09-14 14:00:48,512 INFO[org.hibernate.validator.internal.util.Version:30] - HV000001: Hibernate Validator 5.3.5.Final
2017-09-14 14:00:49,696 INFO[org.springframework.context.support.PostProcessorRegistrationDelegate$BeanPostProcessorChecker:325] - Bean 'org.springframework.transaction.annotation.ProxyTransactionManagementConfiguration' of type [org.springframework.transaction.annotation.ProxyTransactionManagementConfiguration$$EnhancerBySpringCGLIB$$cd774351] is not eligible for getting processed by all BeanPostProcessors (for example: not eligible for auto-proxying)
2017-09-14 14:00:50,111 INFO[org.springframework.boot.context.embedded.tomcat.TomcatEmbeddedServletContainer:89] - Tomcat initialized with port(s): 8080 (http)
2017-09-14 14:00:50,223 INFO[org.springframework.web.context.ContextLoader:276] - Root WebApplicationContext: initialization completed in 1739 ms
2017-09-14 14:00:50,337 INFO[org.springframework.boot.web.servlet.ServletRegistrationBean:190] - Mapping servlet: 'dispatcherServlet' to [/]
2017-09-14 14:00:50,340 INFO[org.springframework.boot.web.servlet.FilterRegistrationBean:258] - Mapping filter: 'characterEncodingFilter' to: [/*]
2017-09-14 14:00:50,341 INFO[org.springframework.boot.web.servlet.FilterRegistrationBean:258] - Mapping filter: 'hiddenHttpMethodFilter' to: [/*]
2017-09-14 14:00:50,341 INFO[org.springframework.boot.web.servlet.FilterRegistrationBean:258] - Mapping filter: 'httpPutFormContentFilter' to: [/*]
2017-09-14 14:00:50,341 INFO[org.springframework.boot.web.servlet.FilterRegistrationBean:258] - Mapping filter: 'requestContextFilter' to: [/*]
2017-09-14 14:00:51,044 INFO[org.springframework.web.servlet.mvc.method.annotation.RequestMappingHandlerMapping:543] - Mapped "{[/],methods=[GET]}" onto public java.lang.String com.py.springboot.web.HelloController.index(org.springframework.ui.ModelMap)
2017-09-14 14:00:51,044 INFO[org.springframework.web.servlet.mvc.method.annotation.RequestMappingHandlerMapping:543] - Mapped "{[/thymeleaf_test],methods=[GET]}" onto public java.lang.String com.py.springboot.web.HelloController.thymeleaf_test(org.springframework.ui.ModelMap)
2017-09-14 14:00:51,045 INFO[org.springframework.web.servlet.mvc.method.annotation.RequestMappingHandlerMapping:543] - Mapped "{[/freemarker_test],methods=[GET]}" onto public java.lang.String com.py.springboot.web.HelloController.freemarker_test(org.springframework.ui.ModelMap)
2017-09-14 14:00:51,046 INFO[org.springframework.web.servlet.mvc.method.annotation.RequestMappingHandlerMapping:543] - Mapped "{[/user/v1/addUser],methods=[POST]}" onto public com.py.springboot.base.BaseResult com.py.springboot.web.UserController.addUser(com.py.springboot.entity.User)
2017-09-14 14:00:51,048 INFO[org.springframework.web.servlet.mvc.method.annotation.RequestMappingHandlerMapping:543] - Mapped "{[/user/v1/getById],methods=[GET]}" onto public com.py.springboot.base.BaseResult com.py.springboot.web.UserController.getById(java.lang.Long)
2017-09-14 14:00:51,048 INFO[org.springframework.web.servlet.mvc.method.annotation.RequestMappingHandlerMapping:543] - Mapped "{[/user/v1/updateById],methods=[PUT]}" onto public com.py.springboot.base.BaseResult com.py.springboot.web.UserController.updateById(com.py.springboot.entity.User)
2017-09-14 14:00:51,049 INFO[org.springframework.web.servlet.mvc.method.annotation.RequestMappingHandlerMapping:543] - Mapped "{[/user/v1/deleteById],methods=[DELETE]}" onto public com.py.springboot.base.BaseResult com.py.springboot.web.UserController.deleteById(java.lang.Long)
2017-09-14 14:00:51,050 INFO[org.springframework.web.servlet.mvc.method.annotation.RequestMappingHandlerMapping:543] - Mapped "{[/v2/api-docs],methods=[GET]}" onto public org.springframework.http.ResponseEntity<springfox.documentation.spring.web.json.Json> springfox.documentation.swagger2.web.Swagger2Controller.getDocumentation(java.lang.String)
2017-09-14 14:00:51,052 INFO[org.springframework.web.servlet.mvc.method.annotation.RequestMappingHandlerMapping:543] - Mapped "{[/swagger-resources]}" onto org.springframework.http.ResponseEntity<java.util.List<springfox.documentation.swagger.web.SwaggerResource>> springfox.documentation.swagger.web.ApiResourceController.swaggerResources()
2017-09-14 14:00:51,053 INFO[org.springframework.web.servlet.mvc.method.annotation.RequestMappingHandlerMapping:543] - Mapped "{[/configuration/ui]}" onto org.springframework.http.ResponseEntity<springfox.documentation.swagger.web.UiConfiguration> springfox.documentation.swagger.web.ApiResourceController.uiConfiguration()
2017-09-14 14:00:51,054 INFO[org.springframework.web.servlet.mvc.method.annotation.RequestMappingHandlerMapping:543] - Mapped "{[/configuration/security]}" onto org.springframework.http.ResponseEntity<springfox.documentation.swagger.web.SecurityConfiguration> springfox.documentation.swagger.web.ApiResourceController.securityConfiguration()
2017-09-14 14:00:51,056 INFO[org.springframework.web.servlet.mvc.method.annotation.RequestMappingHandlerMapping:543] - Mapped "{[/error]}" onto public org.springframework.http.ResponseEntity<java.util.Map<java.lang.String, java.lang.Object>> org.springframework.boot.autoconfigure.web.BasicErrorController.error(javax.servlet.http.HttpServletRequest)
2017-09-14 14:00:51,057 INFO[org.springframework.web.servlet.mvc.method.annotation.RequestMappingHandlerMapping:543] - Mapped "{[/error],produces=[text/html]}" onto public org.springframework.web.servlet.ModelAndView org.springframework.boot.autoconfigure.web.BasicErrorController.errorHtml(javax.servlet.http.HttpServletRequest,javax.servlet.http.HttpServletResponse)
2017-09-14 14:00:51,357 INFO[org.springframework.web.servlet.mvc.method.annotation.RequestMappingHandlerAdapter:534] - Looking for @ControllerAdvice: org.springframework.boot.context.embedded.AnnotationConfigEmbeddedWebApplicationContext@6ec8211c: startup date [Thu Sep 14 14:00:48 CST 2017]; root of context hierarchy
2017-09-14 14:00:51,542 INFO[org.springframework.web.servlet.handler.SimpleUrlHandlerMapping:362] - Mapped URL path [/webjars/**] onto handler of type [class org.springframework.web.servlet.resource.ResourceHttpRequestHandler]
2017-09-14 14:00:51,542 INFO[org.springframework.web.servlet.handler.SimpleUrlHandlerMapping:362] - Mapped URL path [/**] onto handler of type [class org.springframework.web.servlet.resource.ResourceHttpRequestHandler]
2017-09-14 14:00:51,576 INFO[org.springframework.web.servlet.handler.SimpleUrlHandlerMapping:362] - Mapped URL path [/**/favicon.ico] onto handler of type [class org.springframework.web.servlet.resource.ResourceHttpRequestHandler]
2017-09-14 14:00:51,905 INFO[org.springframework.web.servlet.view.freemarker.FreeMarkerConfigurer:127] - ClassTemplateLoader for Spring macros added to FreeMarker configuration
2017-09-14 14:00:52,085 INFO[org.springframework.jmx.export.annotation.AnnotationMBeanExporter:431] - Registering beans for JMX exposure on startup
2017-09-14 14:00:52,101 INFO[springfox.documentation.spring.web.plugins.DocumentationPluginsBootstrapper:80] - Context refreshed
2017-09-14 14:00:52,114 INFO[springfox.documentation.spring.web.plugins.DocumentationPluginsBootstrapper:83] - Found {0} custom documentation plugin(s)
2017-09-14 14:00:52,121 INFO[springfox.documentation.spring.web.scanners.ApiListingReferenceScanner:53] - Scanning for api listing references
2017-09-14 14:00:52,124 INFO[springfox.documentation.swagger.web.ClassOrApiAnnotationResourceGrouping:100] - Group for method addUser was user-controller
2017-09-14 14:00:52,125 INFO[springfox.documentation.spring.web.scanners.ApiListingReferenceScanner:72] - Request mapping: addUser belongs to groups: [[ResourceGroup{groupName='user-controller', position=0, controller=com.py.springboot.web.UserController}]] 
2017-09-14 14:00:52,126 INFO[springfox.documentation.swagger.web.ClassOrApiAnnotationResourceGrouping:100] - Group for method deleteById was user-controller
2017-09-14 14:00:52,126 INFO[springfox.documentation.spring.web.scanners.ApiListingReferenceScanner:72] - Request mapping: deleteById belongs to groups: [[ResourceGroup{groupName='user-controller', position=0, controller=com.py.springboot.web.UserController}]] 
2017-09-14 14:00:52,126 INFO[springfox.documentation.swagger.web.ClassOrApiAnnotationResourceGrouping:100] - Group for method getById was user-controller
2017-09-14 14:00:52,127 INFO[springfox.documentation.spring.web.scanners.ApiListingReferenceScanner:72] - Request mapping: getById belongs to groups: [[ResourceGroup{groupName='user-controller', position=0, controller=com.py.springboot.web.UserController}]] 
2017-09-14 14:00:52,127 INFO[springfox.documentation.swagger.web.ClassOrApiAnnotationResourceGrouping:100] - Group for method updateById was user-controller
2017-09-14 14:00:52,127 INFO[springfox.documentation.spring.web.scanners.ApiListingReferenceScanner:72] - Request mapping: updateById belongs to groups: [[ResourceGroup{groupName='user-controller', position=0, controller=com.py.springboot.web.UserController}]] 
2017-09-14 14:00:52,130 INFO[springfox.documentation.spring.web.scanners.ApiListingReferenceScanner:84] - Created resource listing Path: /default/user-controller Description: user-controller Position: 0
2017-09-14 14:00:52,145 INFO[springfox.documentation.schema.ModelContextKeyGenerator:46] - Cache Key Generated: com.py.springboot.entity.User(false)
2017-09-14 14:00:52,145 INFO[springfox.documentation.spring.web.caching.CachingAspect:79] - Caching aspect applied for cache models with key com.py.springboot.entity.User(false)
2017-09-14 14:00:52,151 INFO[springfox.documentation.schema.property.ModelPropertiesKeyGenerator:48] - Cache key generated: com.py.springboot.entity.User(false)
2017-09-14 14:00:52,152 INFO[springfox.documentation.spring.web.caching.CachingAspect:68] - Caching aspect applied for cache modelProperties with key com.py.springboot.entity.User(false)
2017-09-14 14:00:52,175 INFO[springfox.documentation.schema.ModelContextKeyGenerator:46] - Cache Key Generated: com.py.springboot.entity.User(false)
2017-09-14 14:00:52,175 INFO[springfox.documentation.spring.web.caching.CachingAspect:79] - Caching aspect applied for cache modelDependencies with key com.py.springboot.entity.User(false)
2017-09-14 14:00:52,178 INFO[springfox.documentation.schema.property.ModelPropertiesKeyGenerator:48] - Cache key generated: com.py.springboot.entity.User(false)
2017-09-14 14:00:52,178 INFO[springfox.documentation.spring.web.caching.CachingAspect:68] - Caching aspect applied for cache modelProperties with key com.py.springboot.entity.User(false)
2017-09-14 14:00:52,180 INFO[springfox.documentation.schema.ModelContextKeyGenerator:46] - Cache Key Generated: com.py.springboot.base.BaseResult(true)
2017-09-14 14:00:52,180 INFO[springfox.documentation.spring.web.caching.CachingAspect:79] - Caching aspect applied for cache models with key com.py.springboot.base.BaseResult(true)
2017-09-14 14:00:52,180 INFO[springfox.documentation.schema.property.ModelPropertiesKeyGenerator:48] - Cache key generated: com.py.springboot.base.BaseResult(true)
2017-09-14 14:00:52,180 INFO[springfox.documentation.spring.web.caching.CachingAspect:68] - Caching aspect applied for cache modelProperties with key com.py.springboot.base.BaseResult(true)
2017-09-14 14:00:52,183 INFO[springfox.documentation.schema.ModelContextKeyGenerator:46] - Cache Key Generated: com.py.springboot.base.BaseResult(true)
2017-09-14 14:00:52,183 INFO[springfox.documentation.spring.web.caching.CachingAspect:79] - Caching aspect applied for cache modelDependencies with key com.py.springboot.base.BaseResult(true)
2017-09-14 14:00:52,184 INFO[springfox.documentation.schema.property.ModelPropertiesKeyGenerator:48] - Cache key generated: com.py.springboot.base.BaseResult(true)
2017-09-14 14:00:52,184 INFO[springfox.documentation.spring.web.caching.CachingAspect:68] - Caching aspect applied for cache modelProperties with key com.py.springboot.base.BaseResult(true)
2017-09-14 14:00:52,185 INFO[springfox.documentation.spring.web.OperationsKeyGenerator:51] - Cache key generated: /user/v1/addUser.com.py.springboot.web.UserController.addUser.DefaultGenericTypeNamingStrategy
2017-09-14 14:00:52,185 INFO[springfox.documentation.spring.web.caching.CachingAspect:68] - Caching aspect applied for cache operations with key /user/v1/addUser.com.py.springboot.web.UserController.addUser.DefaultGenericTypeNamingStrategy
2017-09-14 14:00:52,196 INFO[springfox.documentation.swagger.web.ClassOrApiAnnotationResourceGrouping:100] - Group for method addUser was user-controller
2017-09-14 14:00:52,206 INFO[springfox.documentation.swagger.web.ClassOrApiAnnotationResourceGrouping:100] - Group for method addUser was user-controller
2017-09-14 14:00:52,213 INFO[springfox.documentation.schema.ModelContextKeyGenerator:46] - Cache Key Generated: com.py.springboot.base.BaseResult(true)
2017-09-14 14:00:52,213 INFO[springfox.documentation.spring.web.caching.CachingAspect:79] - Caching aspect applied for cache models with key com.py.springboot.base.BaseResult(true)
2017-09-14 14:00:52,214 INFO[springfox.documentation.schema.ModelContextKeyGenerator:46] - Cache Key Generated: com.py.springboot.base.BaseResult(true)
2017-09-14 14:00:52,214 INFO[springfox.documentation.spring.web.caching.CachingAspect:79] - Caching aspect applied for cache modelDependencies with key com.py.springboot.base.BaseResult(true)
2017-09-14 14:00:52,214 INFO[springfox.documentation.spring.web.OperationsKeyGenerator:51] - Cache key generated: /user/v1/deleteById.com.py.springboot.web.UserController.deleteById.DefaultGenericTypeNamingStrategy
2017-09-14 14:00:52,215 INFO[springfox.documentation.spring.web.caching.CachingAspect:68] - Caching aspect applied for cache operations with key /user/v1/deleteById.com.py.springboot.web.UserController.deleteById.DefaultGenericTypeNamingStrategy
2017-09-14 14:00:52,218 INFO[springfox.documentation.swagger.web.ClassOrApiAnnotationResourceGrouping:100] - Group for method deleteById was user-controller
2017-09-14 14:00:52,218 INFO[springfox.documentation.swagger.web.ClassOrApiAnnotationResourceGrouping:100] - Group for method deleteById was user-controller
2017-09-14 14:00:52,220 INFO[springfox.documentation.schema.ModelContextKeyGenerator:46] - Cache Key Generated: com.py.springboot.base.BaseResult(true)
2017-09-14 14:00:52,220 INFO[springfox.documentation.spring.web.caching.CachingAspect:79] - Caching aspect applied for cache models with key com.py.springboot.base.BaseResult(true)
2017-09-14 14:00:52,220 INFO[springfox.documentation.schema.ModelContextKeyGenerator:46] - Cache Key Generated: com.py.springboot.base.BaseResult(true)
2017-09-14 14:00:52,221 INFO[springfox.documentation.spring.web.caching.CachingAspect:79] - Caching aspect applied for cache modelDependencies with key com.py.springboot.base.BaseResult(true)
2017-09-14 14:00:52,221 INFO[springfox.documentation.spring.web.OperationsKeyGenerator:51] - Cache key generated: /user/v1/getById.com.py.springboot.web.UserController.getById.DefaultGenericTypeNamingStrategy
2017-09-14 14:00:52,221 INFO[springfox.documentation.spring.web.caching.CachingAspect:68] - Caching aspect applied for cache operations with key /user/v1/getById.com.py.springboot.web.UserController.getById.DefaultGenericTypeNamingStrategy
2017-09-14 14:00:52,222 INFO[springfox.documentation.swagger.web.ClassOrApiAnnotationResourceGrouping:100] - Group for method getById was user-controller
2017-09-14 14:00:52,223 INFO[springfox.documentation.swagger.web.ClassOrApiAnnotationResourceGrouping:100] - Group for method getById was user-controller
2017-09-14 14:00:52,224 INFO[springfox.documentation.schema.ModelContextKeyGenerator:46] - Cache Key Generated: com.py.springboot.entity.User(false)
2017-09-14 14:00:52,224 INFO[springfox.documentation.spring.web.caching.CachingAspect:79] - Caching aspect applied for cache models with key com.py.springboot.entity.User(false)
2017-09-14 14:00:52,225 INFO[springfox.documentation.schema.ModelContextKeyGenerator:46] - Cache Key Generated: com.py.springboot.entity.User(false)
2017-09-14 14:00:52,225 INFO[springfox.documentation.spring.web.caching.CachingAspect:79] - Caching aspect applied for cache modelDependencies with key com.py.springboot.entity.User(false)
2017-09-14 14:00:52,225 INFO[springfox.documentation.schema.ModelContextKeyGenerator:46] - Cache Key Generated: com.py.springboot.base.BaseResult(true)
2017-09-14 14:00:52,225 INFO[springfox.documentation.spring.web.caching.CachingAspect:79] - Caching aspect applied for cache models with key com.py.springboot.base.BaseResult(true)
2017-09-14 14:00:52,225 INFO[springfox.documentation.schema.ModelContextKeyGenerator:46] - Cache Key Generated: com.py.springboot.base.BaseResult(true)
2017-09-14 14:00:52,226 INFO[springfox.documentation.spring.web.caching.CachingAspect:79] - Caching aspect applied for cache modelDependencies with key com.py.springboot.base.BaseResult(true)
2017-09-14 14:00:52,226 INFO[springfox.documentation.spring.web.OperationsKeyGenerator:51] - Cache key generated: /user/v1/updateById.com.py.springboot.web.UserController.updateById.DefaultGenericTypeNamingStrategy
2017-09-14 14:00:52,226 INFO[springfox.documentation.spring.web.caching.CachingAspect:68] - Caching aspect applied for cache operations with key /user/v1/updateById.com.py.springboot.web.UserController.updateById.DefaultGenericTypeNamingStrategy
2017-09-14 14:00:52,227 INFO[springfox.documentation.swagger.web.ClassOrApiAnnotationResourceGrouping:100] - Group for method updateById was user-controller
2017-09-14 14:00:52,228 INFO[springfox.documentation.swagger.web.ClassOrApiAnnotationResourceGrouping:100] - Group for method updateById was user-controller
2017-09-14 14:00:52,277 INFO[org.springframework.boot.context.embedded.tomcat.TomcatEmbeddedServletContainer:201] - Tomcat started on port(s): 8080 (http)
2017-09-14 14:00:52,283 INFO[com.py.springboot.SpringbootApplication:57] - Started SpringbootApplication in 4.513 seconds (JVM running for 5.456)
2017-09-14 14:01:02,206 INFO[org.springframework.web.servlet.DispatcherServlet:489] - FrameworkServlet 'dispatcherServlet': initialization started
2017-09-14 14:01:02,222 INFO[org.springframework.web.servlet.DispatcherServlet:508] - FrameworkServlet 'dispatcherServlet': initialization completed in 15 ms
